#
# An unexpected error has been detected by Java Runtime Environment:
#
#  EXCEPTION_ACCESS_VIOLATION (0xc0000005) at pc=0x000000007a39d0e0, pid=4824, tid=6044
#
# Java VM: Java HotSpot(TM) 64-Bit Server VM (11.2-b01 mixed mode windows-amd64)
# Problematic frame:
# C  [awt.dll+0xdd0e0]
#
# If you would like to submit a bug report, please visit:
#   http://java.sun.com/webapps/bugreport/crash.jsp
# The crash happened outside the Java Virtual Machine in native code.
# See problematic frame for where to report the bug.
#

---------------  T H R E A D  ---------------

Current thread (0x000000002d986000):  JavaThread "AWT-EventQueue-0" [_thread_in_native, id=6044, stack(0x000000002e760000,0x000000002e7e0000)]

siginfo: ExceptionCode=0xc0000005, reading address 0x0000000000000008

Registers:
EAX=0x000000000000000d, EBX=0x000000002d9861c0, ECX=0x0000000000000000, EDX=0xffffffffc20126b1
ESP=0x000000002e7de328, EBP=0x000000003429b520, ESI=0x000000002d9861c0, EDI=0x000000002e0c57e0
EIP=0x000000007a39d0e0, EFLAGS=0x0000000000010202

Top of Stack: (sp=0x000000002e7de328)
0x000000002e7de328:   000000007a345acc 0000000000000000
0x000000002e7de338:   000000002d9861c0 000000003429b520
0x000000002e7de348:   000000002d9861c0 0000000000000000
0x000000002e7de358:   000000002d9861c0 0000000000000101
0x000000002e7de368:   000000007a323810 000000002d9861c0
0x000000002e7de378:   000000002e7dea48 000000002e7deac0
0x000000002e7de388:   000000003429b520 00000000113fdb5f
0x000000002e7de398:   000000007a342381 0000000011a8e048
0x000000002e7de3a8:   000000002e7deab8 0000000022b59418
0x000000002e7de3b8:   000000002e7deac0 000000002e7de3f0
0x000000002e7de3c8:   0000000019346f10 000000000d925dd8
0x000000002e7de3d8:   0000000021ab3378 00000000187d5828
0x000000002e7de3e8:   000000000d926144 000000002e7de4f8
0x000000002e7de3f8:   000000000daa3910 0000000000000000
0x000000002e7de408:   0000000000000017 0000001b0000000a
0x000000002e7de418:   0000000019308300 00000000113fdcb0 

Instructions: (pc=0x000000007a39d0e0)
0x000000007a39d0d0:   48 8b 41 08 48 8b 80 18 0c 00 00 c3 cc cc cc cc
0x000000007a39d0e0:   48 8b 49 08 48 85 c9 74 05 e9 b2 ee fd ff 33 c0 


Stack: [0x000000002e760000,0x000000002e7e0000],  sp=0x000000002e7de328,  free space=504k
Native frames: (J=compiled Java code, j=interpreted, Vv=VM code, C=native code)
C  [awt.dll+0xdd0e0]

Java frames: (J=compiled Java code, j=interpreted, Vv=VM code)
j  sun.java2d.windows.GDIBlitLoops.nativeBlit(Lsun/java2d/SurfaceData;Lsun/java2d/SurfaceData;Lsun/java2d/pipe/Region;IIIIIIIIIZ)V+0
j  sun.java2d.windows.GDIBlitLoops.Blit(Lsun/java2d/SurfaceData;Lsun/java2d/SurfaceData;Ljava/awt/Composite;Lsun/java2d/pipe/Region;IIIIII)V+33
J  sun.java2d.pipe.DrawImage.copyImage(Lsun/java2d/SunGraphics2D;Ljava/awt/Image;IILjava/awt/Color;Ljava/awt/image/ImageObserver;)Z
J  sun.java2d.SunGraphics2D.drawImage(Ljava/awt/Image;IILjava/awt/Color;Ljava/awt/image/ImageObserver;)Z
J  javax.swing.RepaintManager$PaintManager.paintDoubleBuffered(Ljavax/swing/JComponent;Ljava/awt/Image;Ljava/awt/Graphics;IIII)V
J  javax.swing.RepaintManager$PaintManager.paint(Ljavax/swing/JComponent;Ljavax/swing/JComponent;Ljava/awt/Graphics;IIII)Z
j  javax.swing.RepaintManager.paint(Ljavax/swing/JComponent;Ljavax/swing/JComponent;Ljava/awt/Graphics;IIII)V+52
J  javax.swing.JComponent.paint(Ljava/awt/Graphics;)V
j  java.awt.GraphicsCallback$PaintCallback.run(Ljava/awt/Component;Ljava/awt/Graphics;)V+2
j  sun.awt.SunGraphicsCallback.runOneComponent(Ljava/awt/Component;Ljava/awt/Rectangle;Ljava/awt/Graphics;Ljava/awt/Shape;I)V+155
j  sun.awt.SunGraphicsCallback.runComponents([Ljava/awt/Component;Ljava/awt/Graphics;I)V+104
j  java.awt.Container.paint(Ljava/awt/Graphics;)V+73
J  javax.swing.RepaintManager.paintDirtyRegions(Ljava/util/Map;)V
j  javax.swing.RepaintManager.paintDirtyRegions()V+46
j  javax.swing.RepaintManager.seqPaintDirtyRegions()V+73
j  javax.swing.SystemEventQueueUtilities$ComponentWorkRequest.run()V+36
J  java.awt.event.InvocationEvent.dispatch()V
J  java.awt.EventDispatchThread.pumpOneEventForFilters(I)Z
J  java.awt.EventDispatchThread.pumpEventsForFilter(ILjava/awt/Conditional;Ljava/awt/EventFilter;)V
j  java.awt.EventDispatchThread.pumpEventsForHierarchy(ILjava/awt/Conditional;Ljava/awt/Component;)V+11
j  java.awt.EventDispatchThread.pumpEvents(ILjava/awt/Conditional;)V+4
j  java.awt.EventDispatchThread.pumpEvents(Ljava/awt/Conditional;)V+3
j  java.awt.EventDispatchThread.run()V+9
v  ~StubRoutines::call_stub

---------------  P R O C E S S  ---------------

Java Threads: ( => current thread )
  0x000000002d660000 JavaThread "Thread-267" [_thread_blocked, id=6224, stack(0x000000002f480000,0x000000002f500000)]
  0x000000002d661800 JavaThread "Foxtrot Single Worker Thread #1" daemon [_thread_blocked, id=6260, stack(0x000000002f760000,0x000000002f7e0000)]
  0x000000002d65f400 JavaThread "Thread-220" [_thread_blocked, id=6404, stack(0x000000002ec60000,0x000000002ece0000)]
  0x000000002d665c00 JavaThread "Prefs Updater" daemon [_thread_blocked, id=2396, stack(0x0000000035220000,0x00000000352a0000)]
  0x000000002d665400 JavaThread "Thread-27" [_thread_blocked, id=6012, stack(0x0000000035040000,0x00000000350c0000)]
  0x000000002d665000 JavaThread "Thread-26" [_thread_blocked, id=5056, stack(0x0000000033ff0000,0x0000000034070000)]
  0x000000002d664800 JavaThread "Thread-25" [_thread_blocked, id=5280, stack(0x000000002fd30000,0x000000002fdb0000)]
  0x000000002d65fc00 JavaThread "Thread-24" [_thread_blocked, id=4468, stack(0x000000002e5f0000,0x000000002e670000)]
  0x000000002d664000 JavaThread "Thread-23" [_thread_blocked, id=3756, stack(0x0000000033f70000,0x0000000033ff0000)]
  0x000000002d663800 JavaThread "Thread-22" [_thread_blocked, id=3832, stack(0x0000000032ef0000,0x0000000032f70000)]
  0x000000002d663400 JavaThread "Active Reference Queue Daemon" daemon [_thread_blocked, id=5556, stack(0x0000000032030000,0x00000000320b0000)]
  0x000000002d662c00 JavaThread "Timer-15" daemon [_thread_blocked, id=5764, stack(0x0000000031fb0000,0x0000000032030000)]
  0x000000002d662400 JavaThread "FelixPackageAdmin" daemon [_thread_blocked, id=2364, stack(0x0000000031f30000,0x0000000031fb0000)]
  0x000000002d661c00 JavaThread "FelixStartLevel" daemon [_thread_blocked, id=5732, stack(0x0000000031eb0000,0x0000000031f30000)]
  0x000000002d661000 JavaThread "FelixDispatchQueue" [_thread_blocked, id=5796, stack(0x0000000031db0000,0x0000000031e30000)]
  0x000000002d660800 JavaThread "Timer-14" daemon [_thread_blocked, id=5336, stack(0x000000002eae0000,0x000000002eb60000)]
  0x000000002d65ec00 JavaThread "Timer-1" [_thread_blocked, id=6040, stack(0x000000002e8e0000,0x000000002e960000)]
  0x000000002d931400 JavaThread "TimerQueue" daemon [_thread_blocked, id=1608, stack(0x000000002e7e0000,0x000000002e860000)]
=>0x000000002d986000 JavaThread "AWT-EventQueue-0" [_thread_in_native, id=6044, stack(0x000000002e760000,0x000000002e7e0000)]
  0x000000002d874800 JavaThread "AWT-Shutdown" [_thread_blocked, id=4872, stack(0x000000002e570000,0x000000002e5f0000)]
  0x000000000c0a0400 JavaThread "AWT-Windows" daemon [_thread_in_native, id=5308, stack(0x000000000c5e0000,0x000000000c660000)]
  0x000000000c26dc00 JavaThread "Java2D Disposer" daemon [_thread_blocked, id=4568, stack(0x000000000c4e0000,0x000000000c560000)]
  0x000000000c1b6400 JavaThread "Timer-0" [_thread_blocked, id=4324, stack(0x000000000c460000,0x000000000c4e0000)]
  0x000000000c15f000 JavaThread "JMI Unnamed Thread" [_thread_in_native, id=6116, stack(0x0000000006190000,0x0000000007190000)]
  0x000000000bf82c00 JavaThread "Low Memory Detector" daemon [_thread_blocked, id=3256, stack(0x000000000bcf0000,0x000000000bd70000)]
  0x000000000bf7b400 JavaThread "CompilerThread1" daemon [_thread_blocked, id=5884, stack(0x000000002a9d0000,0x000000002b9d0000)]
  0x000000000bf78800 JavaThread "CompilerThread0" daemon [_thread_blocked, id=3648, stack(0x00000000299d0000,0x000000002a9d0000)]
  0x000000000bf74000 JavaThread "Attach Listener" daemon [_thread_blocked, id=4524, stack(0x000000000bc70000,0x000000000bcf0000)]
  0x000000000bf0d000 JavaThread "Finalizer" daemon [_thread_blocked, id=6088, stack(0x0000000007250000,0x00000000072d0000)]
  0x000000000bf07000 JavaThread "Reference Handler" daemon [_thread_blocked, id=5044, stack(0x00000000071d0000,0x0000000007250000)]
  0x00000000016c1c00 JavaThread "main" [_thread_in_native, id=5208, stack(0x0000000000030000,0x0000000001030000)]

Other Threads:
  0x000000000bf00400 VMThread [stack: 0x00000000289d0000,0x00000000299d0000] [id=5112]
  0x000000000bfb2800 WatcherThread [stack: 0x000000002b9d0000,0x000000002c9d0000] [id=3752]

VM state:not at safepoint (normal execution)

VM Mutex/Monitor currently owned by a thread: None

Heap
 PSYoungGen      total 16832K, used 4580K [0x00000000218d0000, 0x0000000022f00000, 0x00000000249d0000)
  eden space 11584K, 17% used [0x00000000218d0000,0x0000000021ac5f90,0x0000000022420000)
  from space 5248K, 49% used [0x00000000229e0000,0x0000000022c63168,0x0000000022f00000)
  to   space 5568K, 0% used [0x0000000022420000,0x0000000022420000,0x0000000022990000)
 PSOldGen        total 96064K, used 92739K [0x00000000185d0000, 0x000000001e3a0000, 0x00000000218d0000)
  object space 96064K, 96% used [0x00000000185d0000,0x000000001e060ee0,0x000000001e3a0000)
 PSPermGen       total 101440K, used 55055K [0x00000000105d0000, 0x00000000168e0000, 0x00000000185d0000)
  object space 101440K, 54% used [0x00000000105d0000,0x0000000013b93d98,0x00000000168e0000)

Dynamic libraries:
0x0000000140000000 - 0x0000000140038000 	C:\Program Files\MATLAB\R2009b\bin\win64\MATLAB.exe
0x0000000077920000 - 0x0000000077ac9000 	C:\Windows\SYSTEM32\ntdll.dll
0x00000000776b0000 - 0x00000000777cf000 	C:\Windows\system32\kernel32.dll
0x000007fefde30000 - 0x000007fefde9c000 	C:\Windows\system32\KERNELBASE.dll
0x000000007cdb0000 - 0x000000007ceb9000 	C:\Program Files\MATLAB\R2009b\bin\win64\libut.dll
0x000007feff4b0000 - 0x000007feff4c9000 	C:\Windows\system32\imagehlp.dll
0x000007feff160000 - 0x000007feff1ff000 	C:\Windows\system32\msvcrt.dll
0x000007feff980000 - 0x000007feffa5b000 	C:\Windows\system32\ADVAPI32.dll
0x000007feff890000 - 0x000007feff8af000 	C:\Windows\SYSTEM32\sechost.dll
0x000007feffa60000 - 0x000007feffb8d000 	C:\Windows\system32\RPCRT4.dll
0x0000000077ae0000 - 0x0000000077ae7000 	C:\Windows\system32\PSAPI.DLL
0x000000007d620000 - 0x000000007d648000 	C:\Program Files\MATLAB\R2009b\bin\win64\LIBEXPAT.dll
0x0000000071e40000 - 0x0000000071f09000 	C:\Windows\WinSxS\amd64_microsoft.vc80.crt_1fc8b3b9a1e18e3b_8.0.50727.6195_none_88e41e092fab0294\MSVCR80.dll
0x000000007d320000 - 0x000000007d44c000 	C:\Program Files\MATLAB\R2009b\bin\win64\icuuc40.dll
0x000000007c760000 - 0x000000007c763000 	C:\Program Files\MATLAB\R2009b\bin\win64\icudt40.dll
0x000000007c770000 - 0x000000007c780000 	C:\Program Files\MATLAB\R2009b\bin\win64\icuio40.dll
0x000000007ca60000 - 0x000000007cbb3000 	C:\Program Files\MATLAB\R2009b\bin\win64\icuin40.dll
0x000000006cd10000 - 0x000000006ce19000 	C:\Windows\WinSxS\amd64_microsoft.vc80.crt_1fc8b3b9a1e18e3b_8.0.50727.6195_none_88e41e092fab0294\MSVCP80.dll
0x00000000773a0000 - 0x000000007749a000 	C:\Windows\system32\USER32.dll
0x000007fefe1d0000 - 0x000007fefe237000 	C:\Windows\system32\GDI32.dll
0x000007feff290000 - 0x000007feff29e000 	C:\Windows\system32\LPK.dll
0x000007feff8b0000 - 0x000007feff979000 	C:\Windows\system32\USP10.dll
0x0000000078820000 - 0x0000000078890000 	C:\Program Files\MATLAB\R2009b\bin\win64\libmwfl.dll
0x000000007e820000 - 0x000000007e82f000 	C:\Program Files\MATLAB\R2009b\bin\win64\boost_date_time-vc80-mt-1_36.dll
0x000000007e800000 - 0x000000007e816000 	C:\Program Files\MATLAB\R2009b\bin\win64\boost_signals-vc80-mt-1_36.dll
0x000000007dae0000 - 0x000000007dae9000 	C:\Program Files\MATLAB\R2009b\bin\win64\boost_system-vc80-mt-1_36.dll
0x000000007c740000 - 0x000000007c751000 	C:\Program Files\MATLAB\R2009b\bin\win64\boost_thread-vc80-mt-1_36.dll
0x000000007cf70000 - 0x000000007d1e1000 	C:\Program Files\MATLAB\R2009b\bin\win64\libmwservices.dll
0x000000007cec0000 - 0x000000007cf6f000 	C:\Program Files\MATLAB\R2009b\bin\win64\libmx.dll
0x0000000079070000 - 0x0000000079087000 	C:\Program Files\MATLAB\R2009b\bin\win64\zlib1.dll
0x000000007d1f0000 - 0x000000007d318000 	C:\Program Files\MATLAB\R2009b\bin\win64\libmwmathutil.dll
0x000000007a660000 - 0x000000007a6b8000 	C:\Program Files\MATLAB\R2009b\bin\win64\mpath.dll
0x000000007d650000 - 0x000000007d6a1000 	C:\Program Files\MATLAB\R2009b\bin\win64\mlutil.dll
0x00000000787b0000 - 0x00000000787ee000 	C:\Program Files\MATLAB\R2009b\bin\win64\tbb.dll
0x000007fef99b0000 - 0x000007fef9a50000 	C:\Windows\WinSxS\amd64_microsoft.windows.common-controls_6595b64144ccf1df_5.82.7601.17514_none_a4d6a923711520a9\COMCTL32.dll
0x000007feffb90000 - 0x000007feffc27000 	C:\Windows\system32\comdlg32.dll
0x000007fefe150000 - 0x000007fefe1c1000 	C:\Windows\system32\SHLWAPI.dll
0x000007fefe320000 - 0x000007feff0a8000 	C:\Windows\system32\SHELL32.dll
0x000007fefaf40000 - 0x000007fefaf56000 	C:\Windows\system32\NETAPI32.dll
0x000007fefaf30000 - 0x000007fefaf3c000 	C:\Windows\system32\netutils.dll
0x000007fefd8f0000 - 0x000007fefd913000 	C:\Windows\system32\srvcli.dll
0x000007fefaf10000 - 0x000007fefaf25000 	C:\Windows\system32\wkscli.dll
0x000007feff4d0000 - 0x000007feff51d000 	C:\Windows\system32\WS2_32.dll
0x000007feff150000 - 0x000007feff158000 	C:\Windows\system32\NSI.dll
0x000000007eaa0000 - 0x000000007eabd000 	C:\Program Files\MATLAB\R2009b\bin\win64\boost_filesystem-vc80-mt-1_36.dll
0x000000007acf0000 - 0x000000007ad87000 	C:\Program Files\MATLAB\R2009b\bin\win64\mcr.dll
0x000000007c780000 - 0x000000007c80c000 	C:\Program Files\MATLAB\R2009b\bin\win64\iqm.dll
0x000000007b440000 - 0x000000007bd40000 	C:\Program Files\MATLAB\R2009b\bin\win64\m_interpreter.dll
0x000000007c830000 - 0x000000007c840000 	C:\Program Files\MATLAB\R2009b\bin\win64\libmex.dll
0x000000007ab60000 - 0x000000007ac0b000 	C:\Program Files\MATLAB\R2009b\bin\win64\m_dispatcher.dll
0x000000007e720000 - 0x000000007e7ac000 	C:\Program Files\MATLAB\R2009b\bin\win64\xmlcore.dll
0x000000007a020000 - 0x000000007a2b5000 	C:\Program Files\MATLAB\R2009b\bin\win64\xerces-c_2_7.dll
0x000000007e980000 - 0x000000007ea71000 	C:\Program Files\MATLAB\R2009b\bin\win64\boost_regex-vc80-mt-1_36.dll
0x000000007aa00000 - 0x000000007aa91000 	C:\Program Files\MATLAB\R2009b\bin\win64\profiler.dll
0x000000007c8b0000 - 0x000000007c8da000 	C:\Program Files\MATLAB\R2009b\bin\win64\libmwmathrng.dll
0x0000000078fd0000 - 0x0000000078fea000 	C:\Program Files\MATLAB\R2009b\bin\win64\m_pcodeio.dll
0x000000007a610000 - 0x000000007a65d000 	C:\Program Files\MATLAB\R2009b\bin\win64\m_ir.dll
0x000000007ae40000 - 0x000000007b433000 	C:\Program Files\MATLAB\R2009b\bin\win64\m_parser.dll
0x000000007c810000 - 0x000000007c824000 	C:\Program Files\MATLAB\R2009b\bin\win64\ir_xfmr.dll
0x0000000078890000 - 0x0000000078b39000 	C:\Program Files\MATLAB\R2009b\bin\win64\mcos.dll
0x000000007c8f0000 - 0x000000007c8fc000 	C:\Program Files\MATLAB\R2009b\bin\win64\mtok.dll
0x0000000078fb0000 - 0x0000000078fd0000 	C:\Program Files\MATLAB\R2009b\bin\win64\m_pcodegen.dll
0x000007fef8220000 - 0x000007fef8345000 	C:\Windows\system32\dbghelp.dll
0x0000000078ec0000 - 0x0000000078ee4000 	C:\Program Files\MATLAB\R2009b\bin\win64\bridge.dll
0x000000007c3d0000 - 0x000000007c490000 	C:\Program Files\MATLAB\R2009b\bin\win64\udd.dll
0x000000007d450000 - 0x000000007d59d000 	C:\Program Files\MATLAB\R2009b\bin\win64\libmwgui.dll
0x00000000790e0000 - 0x000000007980b000 	C:\Program Files\MATLAB\R2009b\bin\win64\hg.dll
0x0000000078ef0000 - 0x0000000078f2c000 	C:\Program Files\MATLAB\R2009b\bin\win64\libmat.dll
0x000000007cbc0000 - 0x000000007cdae000 	C:\Program Files\MATLAB\R2009b\bin\win64\libhdf5.dll
0x000000007a550000 - 0x000000007a5af000 	C:\Program Files\MATLAB\R2009b\bin\win64\jmi.dll
0x000000007a490000 - 0x000000007a4d0000 	C:\Program Files\MATLAB\R2009b\bin\win64\libmwhardcopy.dll
0x000000007a5b0000 - 0x000000007a60a000 	C:\Program Files\MATLAB\R2009b\bin\win64\libuij.dll
0x0000000078680000 - 0x00000000787ab000 	C:\Program Files\MATLAB\R2009b\bin\win64\hgdatatypes.dll
0x0000000078630000 - 0x000000007867b000 	C:\Program Files\MATLAB\R2009b\bin\win64\hgutils.dll
0x0000000078f30000 - 0x0000000078fa5000 	C:\Program Files\MATLAB\R2009b\bin\win64\libmwlapack.dll
0x000000007c850000 - 0x000000007c863000 	C:\Program Files\MATLAB\R2009b\bin\win64\libmwbinder.dll
0x000000007c490000 - 0x000000007c73e000 	C:\Program Files\MATLAB\R2009b\bin\win64\uiw.dll
0x000000007c930000 - 0x000000007c93a000 	C:\Program Files\MATLAB\R2009b\bin\win64\uinone.dll
0x000000006d710000 - 0x000000006d8ac000 	C:\Windows\WinSxS\amd64_microsoft.vc80.mfc_1fc8b3b9a1e18e3b_8.0.50727.6195_none_8448b2bd328df189\MFC80.DLL
0x000007fefa2d0000 - 0x000007fefa341000 	C:\Windows\system32\WINSPOOL.DRV
0x000007feff2a0000 - 0x000007feff4a3000 	C:\Windows\system32\ole32.dll
0x000007fefe240000 - 0x000007fefe317000 	C:\Windows\system32\OLEAUT32.dll
0x000000007ad90000 - 0x000000007ae3f000 	C:\Program Files\MATLAB\R2009b\bin\win64\udd_mi.dll
0x0000000078ff0000 - 0x0000000079008000 	C:\Program Files\MATLAB\R2009b\bin\win64\mwoles05.DLL
0x000000007a990000 - 0x000000007a9fa000 	C:\Program Files\MATLAB\R2009b\bin\win64\comcli.dll
0x000000006d6f0000 - 0x000000006d710000 	C:\Windows\WinSxS\amd64_microsoft.vc80.atl_1fc8b3b9a1e18e3b_8.0.50727.6195_none_8a1dd9552ed7f8d8\ATL80.DLL
0x000000007c8e0000 - 0x000000007c8ee000 	C:\Program Files\MATLAB\R2009b\bin\win64\mlautoregister.dll
0x000007fefdc50000 - 0x000007fefdca7000 	C:\Windows\system32\apphelp.dll
0x000007fef7d00000 - 0x000007fef7d51000 	C:\Windows\AppPatch\AppPatch64\AcGenral.DLL
0x000007fefdc20000 - 0x000007fefdc45000 	C:\Windows\system32\SspiCli.dll
0x00000000700f0000 - 0x00000000700f3000 	C:\Windows\system32\sfc.dll
0x000007fef9760000 - 0x000007fef9770000 	C:\Windows\system32\sfc_os.DLL
0x000007fefd080000 - 0x000007fefd09e000 	C:\Windows\system32\USERENV.dll
0x000007fefdd80000 - 0x000007fefdd8f000 	C:\Windows\system32\profapi.dll
0x000007fefb600000 - 0x000007fefb618000 	C:\Windows\system32\dwmapi.dll
0x000007fef8900000 - 0x000007fef8918000 	C:\Windows\system32\MPR.dll
0x000007feff260000 - 0x000007feff28e000 	C:\Windows\system32\IMM32.DLL
0x000007feff780000 - 0x000007feff889000 	C:\Windows\system32\MSCTF.dll
0x000000006d6e0000 - 0x000000006d6ed000 	C:\Windows\WinSxS\amd64_microsoft.vc80.mfcloc_1fc8b3b9a1e18e3b_8.0.50727.6195_none_bc20f59b0bdd1acd\MFC80ENU.DLL
0x000007fefba60000 - 0x000007fefbab6000 	C:\Windows\system32\uxtheme.dll
0x000007fefc750000 - 0x000007fefc777000 	C:\Windows\system32\iphlpapi.dll
0x000007fefc740000 - 0x000007fefc74b000 	C:\Windows\system32\WINNSI.DLL
0x000007fefd470000 - 0x000007fefd4cb000 	C:\Windows\system32\DNSAPI.dll
0x000007fefc580000 - 0x000007fefc591000 	C:\Windows\system32\dhcpcsvc6.DLL
0x000007fefc5a0000 - 0x000007fefc5b8000 	C:\Windows\system32\dhcpcsvc.DLL
0x000000006d6d0000 - 0x000000006d6d3000 	C:\Windows\system32\icmp.Dll
0x000007fefdcb0000 - 0x000007fefdcbf000 	C:\Windows\system32\CRYPTBASE.dll
0x000000000b390000 - 0x000000000b948000 	C:\Program Files\MATLAB\R2009b\sys\java\jre\win64\jre\bin\server\jvm.dll
0x000007fefb700000 - 0x000007fefb73b000 	C:\Windows\system32\WINMM.dll
0x000007feff0b0000 - 0x000007feff149000 	C:\Windows\system32\CLBCatQ.DLL
0x000000007ab10000 - 0x000000007ab1a000 	C:\Program Files\MATLAB\R2009b\sys\java\jre\win64\jre\bin\hpi.dll
0x000000007ab30000 - 0x000000007ab3e000 	C:\Program Files\MATLAB\R2009b\sys\java\jre\win64\jre\bin\verify.dll
0x0000000079090000 - 0x00000000790b7000 	C:\Program Files\MATLAB\R2009b\sys\java\jre\win64\jre\bin\java.dll
0x000000007ab40000 - 0x000000007ab52000 	C:\Program Files\MATLAB\R2009b\sys\java\jre\win64\jre\bin\zip.dll
0x0000000079010000 - 0x0000000079032000 	C:\Program Files\MATLAB\R2009b\bin\win64\nativejava.dll
0x0000000079040000 - 0x000000007906b000 	C:\Program Files\MATLAB\R2009b\bin\win64\nativejmi.dll
0x000000007c920000 - 0x000000007c927000 	C:\Program Files\MATLAB\R2009b\bin\win64\nativeservices.dll
0x000000007a2c0000 - 0x000000007a482000 	C:\Program Files\MATLAB\R2009b\sys\java\jre\win64\jre\bin\awt.dll
0x000000007ac10000 - 0x000000007ac7b000 	C:\Program Files\MATLAB\R2009b\sys\java\jre\win64\jre\bin\fontmanager.dll
0x00000000790c0000 - 0x00000000790d7000 	C:\Program Files\MATLAB\R2009b\sys\java\jre\win64\jre\bin\net.dll
0x000007fefd5f0000 - 0x000007fefd645000 	C:\Windows\system32\mswsock.dll
0x000007fefd5e0000 - 0x000007fefd5e7000 	C:\Windows\System32\wship6.dll
0x000000007ab20000 - 0x000000007ab2b000 	C:\Program Files\MATLAB\R2009b\sys\java\jre\win64\jre\bin\nio.dll
0x000007fefd650000 - 0x000007fefd667000 	C:\Windows\system32\CRYPTSP.dll
0x000007fefd350000 - 0x000007fefd397000 	C:\Windows\system32\rsaenh.dll
0x000007fefca30000 - 0x000007fefca45000 	C:\Windows\system32\NLAapi.dll
0x000007fef7910000 - 0x000007fef7925000 	C:\Windows\system32\napinsp.dll
0x000007fef78f0000 - 0x000007fef7909000 	C:\Windows\system32\pnrpnsp.dll

VM Arguments:
jvm_args: -Xss512k -XX:PermSize=32m -Xms64m -XX:NewRatio=3 -XX:MaxPermSize=128m -Xmx196m -XX:MaxDirectMemorySize=2147400000 -Dsun.java2d.noddraw=true -Dsun.awt.nopixfmt=true -Xshare:off -Xrs -Djava.library.path=C:\Program Files\MATLAB\R2009b\bin\win64 vfprintf abort 
java_command: <unknown>
Launcher Type: generic

Environment Variables:
CLASSPATH=.;C:\Program Files (x86)\Java\jre7\lib\ext\QTJava.zip
PATH=C:\Program Files\Common Files\Microsoft Shared\Windows Live;C:\Program Files (x86)\Common Files\Microsoft Shared\Windows Live;C:\Program Files\MiKTeX 2.9\miktex\bin\x64;C:\Program Files (x86)\Windows Live\Shared;C:\CTEX\UserData\miktex\bin;C:\CTEX\MiKTeX\miktex\bin;C:\CTEX\CTeX\ctex\bin;C:\CTEX\CTeX\cct\bin;C:\CTEX\CTeX\ty\bin;C:\CTEX\Ghostscript\gs9.00\bin;C:\CTEX\GSview\gsview;C:\CTEX\WinEdt;C:\Program Files (x86)\QuickTime\QTSystem\;C:\Windows\System32;C:\Python26;C:\Python26\DLLs;C:\Python26\Scripts;C:\Python26\Lib\site-packages\PyQt4;C:\Python26\gnuplot\bin;C:\Python26\Lib\site-packages\vtk;C:\Program Files (x86)\pythonxy\console;C:\Program Files (x86)\pythonxy\SciTE-2.11;C:\Program Files (x86)\pythonxy\mingw\bin;C:\Program Files (x86)\pythonxy\swig;C:\Program Files (x86)\pythonxy\gettext\bin;C:\Python26\OpenCV\bin
USERNAME=Yuri
OS=Windows_NT
PROCESSOR_IDENTIFIER=Intel64 Family 6 Model 37 Stepping 2, GenuineIntel



---------------  S Y S T E M  ---------------

OS: Windows NT 6.1 Build 7601 Service Pack 1

CPU:total 4 (8 cores per cpu, 2 threads per core) family 6 model 5 stepping 2, cmov, cx8, fxsr, mmx, sse, sse2, sse3, ssse3, ht

Memory: 4k page, physical 3985088k(1190436k free), swap 7968324k(4120656k free)

vm_info: Java HotSpot(TM) 64-Bit Server VM (11.2-b01) for windows-amd64 JRE (1.6.0_12-b04), built on Jan 17 2009 01:49:05 by "java_re" with MS VC++ 8.0

time: Thu Sep 20 14:21:54 2012
elapsed time: 5476 seconds

